<?xml version="1.0" encoding="UTF-8"?>
<testng-results ignored="0" total="2" passed="2" failed="0" skipped="0">
  <reporter-output>
  </reporter-output>
  <suite started-at="2020-05-12T15:55:21 IST" name="Suite" finished-at="2020-05-12T15:58:08 IST" duration-ms="167667">
    <groups>
    </groups>
    <test started-at="2020-05-12T15:55:21 IST" name="Test" finished-at="2020-05-12T15:58:08 IST" duration-ms="167667">
      <class name="practice.Docker_setup">
        <test-method is-config="true" signature="start_docker()[pri:0, instance:practice.Docker_setup@233fe9b6]" started-at="2020-05-12T15:55:21 IST" name="start_docker" finished-at="2020-05-12T15:56:01 IST" duration-ms="40044" status="PASS">
          <reporter-output>
          </reporter-output>
        </test-method> <!-- start_docker -->
        <test-method is-config="true" signature="stop_docker()[pri:0, instance:practice.Docker_setup@233fe9b6]" started-at="2020-05-12T15:57:48 IST" name="stop_docker" finished-at="2020-05-12T15:58:08 IST" duration-ms="20027" status="PASS">
          <reporter-output>
          </reporter-output>
        </test-method> <!-- stop_docker -->
      </class> <!-- practice.Docker_setup -->
      <class name="practice.Docker_Firefox">
        <test-method signature="firefox()[pri:0, instance:practice.Docker_Firefox@ec756bd]" started-at="2020-05-12T15:56:01 IST" name="firefox" finished-at="2020-05-12T15:57:48 IST" duration-ms="107472" status="PASS">
          <reporter-output>
          </reporter-output>
        </test-method> <!-- firefox -->
      </class> <!-- practice.Docker_Firefox -->
      <class name="practice.Docker_Chrome">
        <test-method signature="chrome()[pri:0, instance:practice.Docker_Chrome@358ee631]" started-at="2020-05-12T15:56:01 IST" name="chrome" finished-at="2020-05-12T15:57:17 IST" duration-ms="75730" status="PASS">
          <reporter-output>
          </reporter-output>
        </test-method> <!-- chrome -->
      </class> <!-- practice.Docker_Chrome -->
    </test> <!-- Test -->
  </suite> <!-- Suite -->
</testng-results>
